<?xml version="1.0" encoding="UTF-8"?>
<testng-results ignored="0" total="1" passed="1" failed="0" skipped="0">
  <reporter-output>
  </reporter-output>
  <suite started-at="2022-10-31T22:02:30 IST" name="Default suite" finished-at="2022-10-31T22:03:13 IST" duration-ms="42320">
    <groups>
    </groups>
    <test started-at="2022-10-31T22:02:30 IST" name="Default test" finished-at="2022-10-31T22:03:13 IST" duration-ms="42320">
      <class name="test_Cases.Test_Case01">
        <test-method is-config="true" signature="setup()[pri:0, instance:test_Cases.Test_Case01@342c38f8]" started-at="2022-10-31T22:02:30 IST" name="setup" finished-at="2022-10-31T22:02:45 IST" duration-ms="14180" status="PASS">
          <reporter-output>
          </reporter-output>
        </test-method> <!-- setup -->
        <test-method signature="Signup()[pri:0, instance:test_Cases.Test_Case01@342c38f8]" started-at="2022-10-31T22:02:45 IST" name="Signup" finished-at="2022-10-31T22:03:10 IST" duration-ms="25748" status="PASS">
          <reporter-output>
          </reporter-output>
        </test-method> <!-- Signup -->
        <test-method is-config="true" signature="close()[pri:0, instance:test_Cases.Test_Case01@342c38f8]" started-at="2022-10-31T22:03:10 IST" name="close" finished-at="2022-10-31T22:03:13 IST" duration-ms="2095" status="PASS">
          <reporter-output>
          </reporter-output>
        </test-method> <!-- close -->
      </class> <!-- test_Cases.Test_Case01 -->
    </test> <!-- Default test -->
  </suite> <!-- Default suite -->
</testng-results>
